2013/06/13 06:08:30 [error] [exception.CException] exception 'CException' with message 'Property "CActiveForm.class" is not defined.' in C:\xampp\htdocs\yii\framework\base\CComponent.php:173
Stack trace:
#0 C:\xampp\htdocs\yii\framework\web\CWidgetFactory.php(161): CComponent->__set('class', 'horizontal-form')
#1 C:\xampp\htdocs\yii\framework\web\CBaseController.php(146): CWidgetFactory->createWidget(Object(UserController), 'CActiveForm', Array)
#2 C:\xampp\htdocs\yii\framework\web\CBaseController.php(189): CBaseController->createWidget('CActiveForm', Array)
#3 C:\xampp\htdocs\kimbu\protected\modules\root\views\user\_form.php(14): CBaseController->beginWidget('CActiveForm', Array)
#4 C:\xampp\htdocs\yii\framework\web\CBaseController.php(126): require('C:\xampp\htdocs...')
#5 C:\xampp\htdocs\yii\framework\web\CBaseController.php(95): CBaseController->renderInternal('C:\xampp\htdocs...', Array, true)
#6 C:\xampp\htdocs\yii\framework\web\CController.php(869): CBaseController->renderFile('C:\xampp\htdocs...', Array, true)
#7 C:\xampp\htdocs\kimbu\protected\modules\root\views\user\create.php(17): CController->renderPartial('_form', Array)
#8 C:\xampp\htdocs\yii\framework\web\CBaseController.php(126): require('C:\xampp\htdocs...')
#9 C:\xampp\htdocs\yii\framework\web\CBaseController.php(95): CBaseController->renderInternal('C:\xampp\htdocs...', Array, true)
#10 C:\xampp\htdocs\yii\framework\web\CController.php(869): CBaseController->renderFile('C:\xampp\htdocs...', Array, true)
#11 C:\xampp\htdocs\yii\framework\web\CController.php(782): CController->renderPartial('create', Array, true)
#12 C:\xampp\htdocs\kimbu\protected\modules\root\controllers\UserController.php(89): CController->render('create', Array)
#13 C:\xampp\htdocs\yii\framework\web\actions\CInlineAction.php(49): UserController->actionCreate()
#14 C:\xampp\htdocs\yii\framework\web\CController.php(308): CInlineAction->runWithParams(Array)
#15 C:\xampp\htdocs\yii\framework\web\filters\CFilterChain.php(133): CController->runAction(Object(CInlineAction))
#16 C:\xampp\htdocs\yii\framework\web\filters\CFilter.php(40): CFilterChain->run()
#17 C:\xampp\htdocs\yii\framework\web\CController.php(1145): CFilter->filter(Object(CFilterChain))
#18 C:\xampp\htdocs\yii\framework\web\filters\CInlineFilter.php(58): CController->filterAccessControl(Object(CFilterChain))
#19 C:\xampp\htdocs\yii\framework\web\filters\CFilterChain.php(130): CInlineFilter->filter(Object(CFilterChain))
#20 C:\xampp\htdocs\yii\framework\web\CController.php(291): CFilterChain->run()
#21 C:\xampp\htdocs\yii\framework\web\CController.php(265): CController->runActionWithFilters(Object(CInlineAction), Array)
#22 C:\xampp\htdocs\yii\framework\web\CWebApplication.php(282): CController->run('create')
#23 C:\xampp\htdocs\yii\framework\web\CWebApplication.php(141): CWebApplication->runController('root/user/creat...')
#24 C:\xampp\htdocs\yii\framework\base\CApplication.php(169): CWebApplication->processRequest()
#25 C:\xampp\htdocs\kimbu\index.php(13): CApplication->run()
#26 {main}
REQUEST_URI=/kimbu/root/user/create
---
2013/06/13 06:08:38 [error] [exception.CException] exception 'CException' with message 'Property "CActiveForm.class" is not defined.' in C:\xampp\htdocs\yii\framework\base\CComponent.php:173
Stack trace:
#0 C:\xampp\htdocs\yii\framework\web\CWidgetFactory.php(161): CComponent->__set('class', 'horizontal')
#1 C:\xampp\htdocs\yii\framework\web\CBaseController.php(146): CWidgetFactory->createWidget(Object(UserController), 'CActiveForm', Array)
#2 C:\xampp\htdocs\yii\framework\web\CBaseController.php(189): CBaseController->createWidget('CActiveForm', Array)
#3 C:\xampp\htdocs\kimbu\protected\modules\root\views\user\_form.php(14): CBaseController->beginWidget('CActiveForm', Array)
#4 C:\xampp\htdocs\yii\framework\web\CBaseController.php(126): require('C:\xampp\htdocs...')
#5 C:\xampp\htdocs\yii\framework\web\CBaseController.php(95): CBaseController->renderInternal('C:\xampp\htdocs...', Array, true)
#6 C:\xampp\htdocs\yii\framework\web\CController.php(869): CBaseController->renderFile('C:\xampp\htdocs...', Array, true)
#7 C:\xampp\htdocs\kimbu\protected\modules\root\views\user\create.php(17): CController->renderPartial('_form', Array)
#8 C:\xampp\htdocs\yii\framework\web\CBaseController.php(126): require('C:\xampp\htdocs...')
#9 C:\xampp\htdocs\yii\framework\web\CBaseController.php(95): CBaseController->renderInternal('C:\xampp\htdocs...', Array, true)
#10 C:\xampp\htdocs\yii\framework\web\CController.php(869): CBaseController->renderFile('C:\xampp\htdocs...', Array, true)
#11 C:\xampp\htdocs\yii\framework\web\CController.php(782): CController->renderPartial('create', Array, true)
#12 C:\xampp\htdocs\kimbu\protected\modules\root\controllers\UserController.php(89): CController->render('create', Array)
#13 C:\xampp\htdocs\yii\framework\web\actions\CInlineAction.php(49): UserController->actionCreate()
#14 C:\xampp\htdocs\yii\framework\web\CController.php(308): CInlineAction->runWithParams(Array)
#15 C:\xampp\htdocs\yii\framework\web\filters\CFilterChain.php(133): CController->runAction(Object(CInlineAction))
#16 C:\xampp\htdocs\yii\framework\web\filters\CFilter.php(40): CFilterChain->run()
#17 C:\xampp\htdocs\yii\framework\web\CController.php(1145): CFilter->filter(Object(CFilterChain))
#18 C:\xampp\htdocs\yii\framework\web\filters\CInlineFilter.php(58): CController->filterAccessControl(Object(CFilterChain))
#19 C:\xampp\htdocs\yii\framework\web\filters\CFilterChain.php(130): CInlineFilter->filter(Object(CFilterChain))
#20 C:\xampp\htdocs\yii\framework\web\CController.php(291): CFilterChain->run()
#21 C:\xampp\htdocs\yii\framework\web\CController.php(265): CController->runActionWithFilters(Object(CInlineAction), Array)
#22 C:\xampp\htdocs\yii\framework\web\CWebApplication.php(282): CController->run('create')
#23 C:\xampp\htdocs\yii\framework\web\CWebApplication.php(141): CWebApplication->runController('root/user/creat...')
#24 C:\xampp\htdocs\yii\framework\base\CApplication.php(169): CWebApplication->processRequest()
#25 C:\xampp\htdocs\kimbu\index.php(13): CApplication->run()
#26 {main}
REQUEST_URI=/kimbu/root/user/create
---
2013/06/13 08:51:40 [error] [php] Undefined variable: model (C:\xampp\htdocs\kimbu\protected\controllers\SiteController.php:108)
Stack trace:
#0 C:\xampp\htdocs\yii\framework\web\actions\CInlineAction.php(47): CInlineAction->runWithParamsInternal()
#1 C:\xampp\htdocs\yii\framework\web\CController.php(308): CInlineAction->runWithParams()
#2 C:\xampp\htdocs\yii\framework\web\CController.php(286): SiteController->runAction()
#3 C:\xampp\htdocs\yii\framework\web\CController.php(265): SiteController->runActionWithFilters()
#4 C:\xampp\htdocs\yii\framework\web\CWebApplication.php(282): SiteController->run()
#5 C:\xampp\htdocs\yii\framework\web\CWebApplication.php(141): CWebApplication->runController()
#6 C:\xampp\htdocs\yii\framework\base\CApplication.php(169): CWebApplication->processRequest()
#7 C:\xampp\htdocs\kimbu\index.php(13): CWebApplication->run()
REQUEST_URI=/kimbu/site/forgotpassword/1
in C:\xampp\htdocs\kimbu\protected\controllers\SiteController.php (108)
in C:\xampp\htdocs\kimbu\index.php (13)
2013/06/13 08:52:57 [error] [php] Undefined variable: model (C:\xampp\htdocs\kimbu\protected\views\site\_index.php:39)
Stack trace:
#0 C:\xampp\htdocs\yii\framework\web\CController.php(869): SiteController->renderFile()
#1 C:\xampp\htdocs\yii\framework\web\CController.php(782): SiteController->renderPartial()
#2 C:\xampp\htdocs\kimbu\protected\controllers\SiteController.php(109): SiteController->render()
#3 unknown(0): SiteController->actionForgotPassword()
#4 C:\xampp\htdocs\yii\framework\web\actions\CAction.php(108): ReflectionMethod->invokeArgs()
#5 C:\xampp\htdocs\yii\framework\web\actions\CInlineAction.php(47): CInlineAction->runWithParamsInternal()
#6 C:\xampp\htdocs\yii\framework\web\CController.php(308): CInlineAction->runWithParams()
#7 C:\xampp\htdocs\yii\framework\web\CController.php(286): SiteController->runAction()
#8 C:\xampp\htdocs\yii\framework\web\CController.php(265): SiteController->runActionWithFilters()
#9 C:\xampp\htdocs\yii\framework\web\CWebApplication.php(282): SiteController->run()
#10 C:\xampp\htdocs\yii\framework\web\CWebApplication.php(141): CWebApplication->runController()
#11 C:\xampp\htdocs\yii\framework\base\CApplication.php(169): CWebApplication->processRequest()
#12 C:\xampp\htdocs\kimbu\index.php(13): CWebApplication->run()
REQUEST_URI=/kimbu/site/forgotpassword/1
in C:\xampp\htdocs\kimbu\protected\views\site\_index.php (39)
in C:\xampp\htdocs\kimbu\protected\controllers\SiteController.php (109)
in C:\xampp\htdocs\kimbu\index.php (13)
2013/06/13 08:53:41 [error] [php] Undefined variable: id (C:\xampp\htdocs\kimbu\protected\views\site\_index.php:36)
Stack trace:
#0 C:\xampp\htdocs\yii\framework\web\CController.php(869): SiteController->renderFile()
#1 C:\xampp\htdocs\yii\framework\web\CController.php(782): SiteController->renderPartial()
#2 C:\xampp\htdocs\kimbu\protected\controllers\SiteController.php(109): SiteController->render()
#3 unknown(0): SiteController->actionForgotPassword()
#4 C:\xampp\htdocs\yii\framework\web\actions\CAction.php(108): ReflectionMethod->invokeArgs()
#5 C:\xampp\htdocs\yii\framework\web\actions\CInlineAction.php(47): CInlineAction->runWithParamsInternal()
#6 C:\xampp\htdocs\yii\framework\web\CController.php(308): CInlineAction->runWithParams()
#7 C:\xampp\htdocs\yii\framework\web\CController.php(286): SiteController->runAction()
#8 C:\xampp\htdocs\yii\framework\web\CController.php(265): SiteController->runActionWithFilters()
#9 C:\xampp\htdocs\yii\framework\web\CWebApplication.php(282): SiteController->run()
#10 C:\xampp\htdocs\yii\framework\web\CWebApplication.php(141): CWebApplication->runController()
#11 C:\xampp\htdocs\yii\framework\base\CApplication.php(169): CWebApplication->processRequest()
#12 C:\xampp\htdocs\kimbu\index.php(13): CWebApplication->run()
REQUEST_URI=/kimbu/site/forgotpassword/1
in C:\xampp\htdocs\kimbu\protected\views\site\_index.php (36)
in C:\xampp\htdocs\kimbu\protected\controllers\SiteController.php (109)
in C:\xampp\htdocs\kimbu\index.php (13)
2013/06/13 08:53:45 [error] [exception.CHttpException.400] exception 'CHttpException' with message 'Your request is invalid.' in C:\xampp\htdocs\yii\framework\web\CController.php:336
Stack trace:
#0 C:\xampp\htdocs\yii\framework\web\CController.php(309): CController->invalidActionParams(Object(CInlineAction))
#1 C:\xampp\htdocs\yii\framework\web\CController.php(286): CController->runAction(Object(CInlineAction))
#2 C:\xampp\htdocs\yii\framework\web\CController.php(265): CController->runActionWithFilters(Object(CInlineAction), Array)
#3 C:\xampp\htdocs\yii\framework\web\CWebApplication.php(282): CController->run('forgotpassword')
#4 C:\xampp\htdocs\yii\framework\web\CWebApplication.php(141): CWebApplication->runController('site/forgotpass...')
#5 C:\xampp\htdocs\yii\framework\base\CApplication.php(169): CWebApplication->processRequest()
#6 C:\xampp\htdocs\kimbu\index.php(13): CApplication->run()
#7 {main}
REQUEST_URI=/kimbu/site/forgotpassword/
---
2013/06/13 08:54:23 [error] [php] Undefined variable: id (C:\xampp\htdocs\kimbu\protected\views\site\_index.php:36)
Stack trace:
#0 C:\xampp\htdocs\yii\framework\web\CController.php(869): SiteController->renderFile()
#1 C:\xampp\htdocs\yii\framework\web\CController.php(782): SiteController->renderPartial()
#2 C:\xampp\htdocs\kimbu\protected\controllers\SiteController.php(109): SiteController->render()
#3 unknown(0): SiteController->actionForgotPassword()
#4 C:\xampp\htdocs\yii\framework\web\actions\CAction.php(108): ReflectionMethod->invokeArgs()
#5 C:\xampp\htdocs\yii\framework\web\actions\CInlineAction.php(47): CInlineAction->runWithParamsInternal()
#6 C:\xampp\htdocs\yii\framework\web\CController.php(308): CInlineAction->runWithParams()
#7 C:\xampp\htdocs\yii\framework\web\CController.php(286): SiteController->runAction()
#8 C:\xampp\htdocs\yii\framework\web\CController.php(265): SiteController->runActionWithFilters()
#9 C:\xampp\htdocs\yii\framework\web\CWebApplication.php(282): SiteController->run()
#10 C:\xampp\htdocs\yii\framework\web\CWebApplication.php(141): CWebApplication->runController()
#11 C:\xampp\htdocs\yii\framework\base\CApplication.php(169): CWebApplication->processRequest()
#12 C:\xampp\htdocs\kimbu\index.php(13): CWebApplication->run()
REQUEST_URI=/kimbu/site/forgotpassword/1
in C:\xampp\htdocs\kimbu\protected\views\site\_index.php (36)
in C:\xampp\htdocs\kimbu\protected\controllers\SiteController.php (109)
in C:\xampp\htdocs\kimbu\index.php (13)
2013/06/13 08:58:09 [error] [php] Undefined variable: id (C:\xampp\htdocs\kimbu\protected\views\site\_index.php:36)
Stack trace:
#0 C:\xampp\htdocs\yii\framework\web\CController.php(869): SiteController->renderFile()
#1 C:\xampp\htdocs\yii\framework\web\CController.php(782): SiteController->renderPartial()
#2 C:\xampp\htdocs\kimbu\protected\controllers\SiteController.php(109): SiteController->render()
#3 unknown(0): SiteController->actionForgotPassword()
#4 C:\xampp\htdocs\yii\framework\web\actions\CAction.php(108): ReflectionMethod->invokeArgs()
#5 C:\xampp\htdocs\yii\framework\web\actions\CInlineAction.php(47): CInlineAction->runWithParamsInternal()
#6 C:\xampp\htdocs\yii\framework\web\CController.php(308): CInlineAction->runWithParams()
#7 C:\xampp\htdocs\yii\framework\web\CController.php(286): SiteController->runAction()
#8 C:\xampp\htdocs\yii\framework\web\CController.php(265): SiteController->runActionWithFilters()
#9 C:\xampp\htdocs\yii\framework\web\CWebApplication.php(282): SiteController->run()
#10 C:\xampp\htdocs\yii\framework\web\CWebApplication.php(141): CWebApplication->runController()
#11 C:\xampp\htdocs\yii\framework\base\CApplication.php(169): CWebApplication->processRequest()
#12 C:\xampp\htdocs\kimbu\index.php(13): CWebApplication->run()
REQUEST_URI=/kimbu/site/forgotpassword/1
in C:\xampp\htdocs\kimbu\protected\views\site\_index.php (36)
in C:\xampp\htdocs\kimbu\protected\controllers\SiteController.php (109)
in C:\xampp\htdocs\kimbu\index.php (13)
2013/06/13 09:05:44 [error] [php] Trying to get property of non-object (C:\xampp\htdocs\kimbu\protected\models\User.php:172)
Stack trace:
#0 C:\xampp\htdocs\yii\framework\web\CController.php(308): CInlineAction->runWithParams()
#1 C:\xampp\htdocs\yii\framework\web\CController.php(286): SiteController->runAction()
#2 C:\xampp\htdocs\yii\framework\web\CController.php(265): SiteController->runActionWithFilters()
#3 C:\xampp\htdocs\yii\framework\web\CWebApplication.php(282): SiteController->run()
#4 C:\xampp\htdocs\yii\framework\web\CWebApplication.php(141): CWebApplication->runController()
#5 C:\xampp\htdocs\yii\framework\base\CApplication.php(169): CWebApplication->processRequest()
#6 C:\xampp\htdocs\kimbu\index.php(13): CWebApplication->run()
REQUEST_URI=/kimbu/site/forgot
in C:\xampp\htdocs\kimbu\protected\models\User.php (172)
in C:\xampp\htdocs\kimbu\protected\controllers\SiteController.php (77)
in C:\xampp\htdocs\kimbu\index.php (13)
2013/06/13 09:06:37 [error] [exception.CHttpException.400] exception 'CHttpException' with message 'Your request is invalid.' in C:\xampp\htdocs\yii\framework\web\CController.php:336
Stack trace:
#0 C:\xampp\htdocs\yii\framework\web\CController.php(309): CController->invalidActionParams(Object(CInlineAction))
#1 C:\xampp\htdocs\yii\framework\web\CController.php(286): CController->runAction(Object(CInlineAction))
#2 C:\xampp\htdocs\yii\framework\web\CController.php(265): CController->runActionWithFilters(Object(CInlineAction), Array)
#3 C:\xampp\htdocs\yii\framework\web\CWebApplication.php(282): CController->run('forgotpassword')
#4 C:\xampp\htdocs\yii\framework\web\CWebApplication.php(141): CWebApplication->runController('site/forgotpass...')
#5 C:\xampp\htdocs\yii\framework\base\CApplication.php(169): CWebApplication->processRequest()
#6 C:\xampp\htdocs\kimbu\index.php(13): CApplication->run()
#7 {main}
REQUEST_URI=/kimbu/site/forgotpassword/d10816700b1
---
2013/06/13 09:10:22 [error] [exception.CHttpException.400] exception 'CHttpException' with message 'Your request is invalid.' in C:\xampp\htdocs\yii\framework\web\CController.php:336
Stack trace:
#0 C:\xampp\htdocs\yii\framework\web\CController.php(309): CController->invalidActionParams(Object(CInlineAction))
#1 C:\xampp\htdocs\yii\framework\web\CController.php(286): CController->runAction(Object(CInlineAction))
#2 C:\xampp\htdocs\yii\framework\web\CController.php(265): CController->runActionWithFilters(Object(CInlineAction), Array)
#3 C:\xampp\htdocs\yii\framework\web\CWebApplication.php(282): CController->run('forgotpassword')
#4 C:\xampp\htdocs\yii\framework\web\CWebApplication.php(141): CWebApplication->runController('site/forgotpass...')
#5 C:\xampp\htdocs\yii\framework\base\CApplication.php(169): CWebApplication->processRequest()
#6 C:\xampp\htdocs\kimbu\index.php(13): CApplication->run()
#7 {main}
REQUEST_URI=/kimbu/site/forgotpassword/963316b0bb2
---
2013/06/13 09:11:59 [error] [exception.CHttpException.400] exception 'CHttpException' with message 'Your request is invalid.' in C:\xampp\htdocs\yii\framework\web\CController.php:336
Stack trace:
#0 C:\xampp\htdocs\yii\framework\web\CController.php(309): CController->invalidActionParams(Object(CInlineAction))
#1 C:\xampp\htdocs\yii\framework\web\CController.php(286): CController->runAction(Object(CInlineAction))
#2 C:\xampp\htdocs\yii\framework\web\CController.php(265): CController->runActionWithFilters(Object(CInlineAction), Array)
#3 C:\xampp\htdocs\yii\framework\web\CWebApplication.php(282): CController->run('forgotpassword')
#4 C:\xampp\htdocs\yii\framework\web\CWebApplication.php(141): CWebApplication->runController('site/forgotpass...')
#5 C:\xampp\htdocs\yii\framework\base\CApplication.php(169): CWebApplication->processRequest()
#6 C:\xampp\htdocs\kimbu\index.php(13): CApplication->run()
#7 {main}
REQUEST_URI=/kimbu/site/forgotpassword/b8346409d61
---
2013/06/13 09:40:29 [error] [php] Undefined variable: userid (C:\xampp\htdocs\kimbu\protected\controllers\SiteController.php:130)
Stack trace:
#0 C:\xampp\htdocs\yii\framework\web\CController.php(286): SiteController->runAction()
#1 C:\xampp\htdocs\yii\framework\web\CController.php(265): SiteController->runActionWithFilters()
#2 C:\xampp\htdocs\yii\framework\web\CWebApplication.php(282): SiteController->run()
#3 C:\xampp\htdocs\yii\framework\web\CWebApplication.php(141): CWebApplication->runController()
#4 C:\xampp\htdocs\yii\framework\base\CApplication.php(169): CWebApplication->processRequest()
#5 C:\xampp\htdocs\kimbu\index.php(13): CWebApplication->run()
REQUEST_URI=/kimbu/site/login
in C:\xampp\htdocs\kimbu\protected\controllers\SiteController.php (130)
in C:\xampp\htdocs\kimbu\index.php (13)
2013/06/13 09:46:24 [error] [php] Undefined variable: userid (C:\xampp\htdocs\kimbu\protected\controllers\SiteController.php:130)
Stack trace:
#0 C:\xampp\htdocs\yii\framework\web\CController.php(286): SiteController->runAction()
#1 C:\xampp\htdocs\yii\framework\web\CController.php(265): SiteController->runActionWithFilters()
#2 C:\xampp\htdocs\yii\framework\web\CWebApplication.php(282): SiteController->run()
#3 C:\xampp\htdocs\yii\framework\web\CWebApplication.php(141): CWebApplication->runController()
#4 C:\xampp\htdocs\yii\framework\base\CApplication.php(169): CWebApplication->processRequest()
#5 C:\xampp\htdocs\kimbu\index.php(13): CWebApplication->run()
REQUEST_URI=/kimbu/site/login
in C:\xampp\htdocs\kimbu\protected\controllers\SiteController.php (130)
in C:\xampp\htdocs\kimbu\index.php (13)
2013/06/13 09:46:43 [error] [php] Undefined variable: userid (C:\xampp\htdocs\kimbu\protected\controllers\SiteController.php:130)
Stack trace:
#0 C:\xampp\htdocs\yii\framework\web\CController.php(286): SiteController->runAction()
#1 C:\xampp\htdocs\yii\framework\web\CController.php(265): SiteController->runActionWithFilters()
#2 C:\xampp\htdocs\yii\framework\web\CWebApplication.php(282): SiteController->run()
#3 C:\xampp\htdocs\yii\framework\web\CWebApplication.php(141): CWebApplication->runController()
#4 C:\xampp\htdocs\yii\framework\base\CApplication.php(169): CWebApplication->processRequest()
#5 C:\xampp\htdocs\kimbu\index.php(13): CWebApplication->run()
REQUEST_URI=/kimbu/site/login
in C:\xampp\htdocs\kimbu\protected\controllers\SiteController.php (130)
in C:\xampp\htdocs\kimbu\index.php (13)
2013/06/13 10:02:24 [error] [php] Undefined variable: userid (C:\xampp\htdocs\kimbu\protected\controllers\SiteController.php:130)
Stack trace:
#0 C:\xampp\htdocs\yii\framework\web\CController.php(286): SiteController->runAction()
#1 C:\xampp\htdocs\yii\framework\web\CController.php(265): SiteController->runActionWithFilters()
#2 C:\xampp\htdocs\yii\framework\web\CWebApplication.php(282): SiteController->run()
#3 C:\xampp\htdocs\yii\framework\web\CWebApplication.php(141): CWebApplication->runController()
#4 C:\xampp\htdocs\yii\framework\base\CApplication.php(169): CWebApplication->processRequest()
#5 C:\xampp\htdocs\kimbu\index.php(13): CWebApplication->run()
REQUEST_URI=/kimbu/site/login
in C:\xampp\htdocs\kimbu\protected\controllers\SiteController.php (130)
in C:\xampp\htdocs\kimbu\index.php (13)
2013/06/13 10:03:13 [error] [php] Undefined variable: userid (C:\xampp\htdocs\kimbu\protected\controllers\SiteController.php:130)
Stack trace:
#0 C:\xampp\htdocs\yii\framework\web\CController.php(286): SiteController->runAction()
#1 C:\xampp\htdocs\yii\framework\web\CController.php(265): SiteController->runActionWithFilters()
#2 C:\xampp\htdocs\yii\framework\web\CWebApplication.php(282): SiteController->run()
#3 C:\xampp\htdocs\yii\framework\web\CWebApplication.php(141): CWebApplication->runController()
#4 C:\xampp\htdocs\yii\framework\base\CApplication.php(169): CWebApplication->processRequest()
#5 C:\xampp\htdocs\kimbu\index.php(13): CWebApplication->run()
REQUEST_URI=/kimbu/site/login
in C:\xampp\htdocs\kimbu\protected\controllers\SiteController.php (130)
in C:\xampp\htdocs\kimbu\index.php (13)
2013/06/13 10:24:17 [error] [php] Undefined variable: userid (C:\xampp\htdocs\kimbu\protected\controllers\SiteController.php:130)
Stack trace:
#0 C:\xampp\htdocs\yii\framework\web\CController.php(286): SiteController->runAction()
#1 C:\xampp\htdocs\yii\framework\web\CController.php(265): SiteController->runActionWithFilters()
#2 C:\xampp\htdocs\yii\framework\web\CWebApplication.php(282): SiteController->run()
#3 C:\xampp\htdocs\yii\framework\web\CWebApplication.php(141): CWebApplication->runController()
#4 C:\xampp\htdocs\yii\framework\base\CApplication.php(169): CWebApplication->processRequest()
#5 C:\xampp\htdocs\kimbu\index.php(13): CWebApplication->run()
REQUEST_URI=/kimbu/site/login
in C:\xampp\htdocs\kimbu\protected\controllers\SiteController.php (130)
in C:\xampp\htdocs\kimbu\index.php (13)
2013/06/13 11:13:24 [error] [php] Undefined variable: userid (C:\xampp\htdocs\kimbu\protected\controllers\SiteController.php:130)
Stack trace:
#0 C:\xampp\htdocs\yii\framework\web\CController.php(286): SiteController->runAction()
#1 C:\xampp\htdocs\yii\framework\web\CController.php(265): SiteController->runActionWithFilters()
#2 C:\xampp\htdocs\yii\framework\web\CWebApplication.php(282): SiteController->run()
#3 C:\xampp\htdocs\yii\framework\web\CWebApplication.php(141): CWebApplication->runController()
#4 C:\xampp\htdocs\yii\framework\base\CApplication.php(169): CWebApplication->processRequest()
#5 C:\xampp\htdocs\kimbu\index.php(13): CWebApplication->run()
REQUEST_URI=/kimbu/site/login
in C:\xampp\htdocs\kimbu\protected\controllers\SiteController.php (130)
in C:\xampp\htdocs\kimbu\index.php (13)
2013/06/14 01:24:05 [error] [php] Undefined variable: userid (C:\xampp\htdocs\kimbu\protected\controllers\SiteController.php:130)
Stack trace:
#0 C:\xampp\htdocs\yii\framework\web\CController.php(286): SiteController->runAction()
#1 C:\xampp\htdocs\yii\framework\web\CController.php(265): SiteController->runActionWithFilters()
#2 C:\xampp\htdocs\yii\framework\web\CWebApplication.php(282): SiteController->run()
#3 C:\xampp\htdocs\yii\framework\web\CWebApplication.php(141): CWebApplication->runController()
#4 C:\xampp\htdocs\yii\framework\base\CApplication.php(169): CWebApplication->processRequest()
#5 C:\xampp\htdocs\kimbu\index.php(13): CWebApplication->run()
REQUEST_URI=/kimbu/site/login
in C:\xampp\htdocs\kimbu\protected\controllers\SiteController.php (130)
in C:\xampp\htdocs\kimbu\index.php (13)
2013/06/14 01:25:19 [error] [exception.CHttpException.403] exception 'CHttpException' with message 'You are not authorized to perform this action.' in C:\xampp\htdocs\yii\framework\web\auth\CAccessControlFilter.php:179
Stack trace:
#0 C:\xampp\htdocs\yii\framework\web\auth\CAccessControlFilter.php(142): CAccessControlFilter->accessDenied(Object(CWebUser), 'You are not aut...')
#1 C:\xampp\htdocs\yii\framework\web\filters\CFilter.php(38): CAccessControlFilter->preFilter(Object(CFilterChain))
#2 C:\xampp\htdocs\yii\framework\web\CController.php(1145): CFilter->filter(Object(CFilterChain))
#3 C:\xampp\htdocs\yii\framework\web\filters\CInlineFilter.php(58): CController->filterAccessControl(Object(CFilterChain))
#4 C:\xampp\htdocs\yii\framework\web\filters\CFilterChain.php(130): CInlineFilter->filter(Object(CFilterChain))
#5 C:\xampp\htdocs\yii\framework\web\CController.php(291): CFilterChain->run()
#6 C:\xampp\htdocs\yii\framework\web\CController.php(265): CController->runActionWithFilters(Object(CInlineAction), Array)
#7 C:\xampp\htdocs\yii\framework\web\CWebApplication.php(282): CController->run('')
#8 C:\xampp\htdocs\yii\framework\web\CWebApplication.php(141): CWebApplication->runController('root/user')
#9 C:\xampp\htdocs\yii\framework\base\CApplication.php(169): CWebApplication->processRequest()
#10 C:\xampp\htdocs\kimbu\index.php(13): CApplication->run()
#11 {main}
REQUEST_URI=/kimbu/root/user
HTTP_REFERER=http://localhost/kimbu/root
---
2013/06/14 01:31:59 [error] [exception.CException] exception 'CException' with message 'Property "User.STATUS_USER" is not defined.' in C:\xampp\htdocs\yii\framework\base\CComponent.php:130
Stack trace:
#0 C:\xampp\htdocs\yii\framework\db\ar\CActiveRecord.php(143): CComponent->__get('STATUS_USER')
#1 C:\xampp\htdocs\kimbu\protected\components\RootIdentity.php(29): CActiveRecord->__get('STATUS_USER')
#2 C:\xampp\htdocs\kimbu\protected\models\LoginRootForm.php(48): RootIdentity->authenticate()
#3 C:\xampp\htdocs\yii\framework\validators\CInlineValidator.php(42): LoginRootForm->authenticate('password', Array)
#4 C:\xampp\htdocs\yii\framework\validators\CValidator.php(213): CInlineValidator->validateAttribute(Object(LoginRootForm), 'password')
#5 C:\xampp\htdocs\yii\framework\base\CModel.php(159): CValidator->validate(Object(LoginRootForm), NULL)
#6 C:\xampp\htdocs\kimbu\protected\controllers\SiteController.php(141): CModel->validate()
#7 C:\xampp\htdocs\yii\framework\web\actions\CInlineAction.php(49): SiteController->actionLogin()
#8 C:\xampp\htdocs\yii\framework\web\CController.php(308): CInlineAction->runWithParams(Array)
#9 C:\xampp\htdocs\yii\framework\web\CController.php(286): CController->runAction(Object(CInlineAction))
#10 C:\xampp\htdocs\yii\framework\web\CController.php(265): CController->runActionWithFilters(Object(CInlineAction), Array)
#11 C:\xampp\htdocs\yii\framework\web\CWebApplication.php(282): CController->run('login')
#12 C:\xampp\htdocs\yii\framework\web\CWebApplication.php(141): CWebApplication->runController('site/login')
#13 C:\xampp\htdocs\yii\framework\base\CApplication.php(169): CWebApplication->processRequest()
#14 C:\xampp\htdocs\kimbu\index.php(13): CApplication->run()
#15 {main}
REQUEST_URI=/kimbu/site/login
HTTP_REFERER=http://localhost/kimbu/site/login
---
2013/06/14 01:32:21 [error] [exception.CHttpException.403] exception 'CHttpException' with message 'You are not authorized to perform this action.' in C:\xampp\htdocs\yii\framework\web\auth\CAccessControlFilter.php:179
Stack trace:
#0 C:\xampp\htdocs\yii\framework\web\auth\CAccessControlFilter.php(142): CAccessControlFilter->accessDenied(Object(CWebUser), 'You are not aut...')
#1 C:\xampp\htdocs\yii\framework\web\filters\CFilter.php(38): CAccessControlFilter->preFilter(Object(CFilterChain))
#2 C:\xampp\htdocs\yii\framework\web\CController.php(1145): CFilter->filter(Object(CFilterChain))
#3 C:\xampp\htdocs\yii\framework\web\filters\CInlineFilter.php(58): CController->filterAccessControl(Object(CFilterChain))
#4 C:\xampp\htdocs\yii\framework\web\filters\CFilterChain.php(130): CInlineFilter->filter(Object(CFilterChain))
#5 C:\xampp\htdocs\yii\framework\web\CController.php(291): CFilterChain->run()
#6 C:\xampp\htdocs\yii\framework\web\CController.php(265): CController->runActionWithFilters(Object(CInlineAction), Array)
#7 C:\xampp\htdocs\yii\framework\web\CWebApplication.php(282): CController->run('')
#8 C:\xampp\htdocs\yii\framework\web\CWebApplication.php(141): CWebApplication->runController('root')
#9 C:\xampp\htdocs\yii\framework\base\CApplication.php(169): CWebApplication->processRequest()
#10 C:\xampp\htdocs\kimbu\index.php(13): CApplication->run()
#11 {main}
REQUEST_URI=/kimbu/root
HTTP_REFERER=http://localhost/kimbu/site/login
---
2013/06/14 01:32:26 [error] [exception.CHttpException.403] exception 'CHttpException' with message 'You are not authorized to perform this action.' in C:\xampp\htdocs\yii\framework\web\auth\CAccessControlFilter.php:179
Stack trace:
#0 C:\xampp\htdocs\yii\framework\web\auth\CAccessControlFilter.php(142): CAccessControlFilter->accessDenied(Object(CWebUser), 'You are not aut...')
#1 C:\xampp\htdocs\yii\framework\web\filters\CFilter.php(38): CAccessControlFilter->preFilter(Object(CFilterChain))
#2 C:\xampp\htdocs\yii\framework\web\CController.php(1145): CFilter->filter(Object(CFilterChain))
#3 C:\xampp\htdocs\yii\framework\web\filters\CInlineFilter.php(58): CController->filterAccessControl(Object(CFilterChain))
#4 C:\xampp\htdocs\yii\framework\web\filters\CFilterChain.php(130): CInlineFilter->filter(Object(CFilterChain))
#5 C:\xampp\htdocs\yii\framework\web\CController.php(291): CFilterChain->run()
#6 C:\xampp\htdocs\yii\framework\web\CController.php(265): CController->runActionWithFilters(Object(CInlineAction), Array)
#7 C:\xampp\htdocs\yii\framework\web\CWebApplication.php(282): CController->run('')
#8 C:\xampp\htdocs\yii\framework\web\CWebApplication.php(141): CWebApplication->runController('root')
#9 C:\xampp\htdocs\yii\framework\base\CApplication.php(169): CWebApplication->processRequest()
#10 C:\xampp\htdocs\kimbu\index.php(13): CApplication->run()
#11 {main}
REQUEST_URI=/kimbu/root
---
2013/06/14 01:32:27 [error] [exception.CHttpException.403] exception 'CHttpException' with message 'You are not authorized to perform this action.' in C:\xampp\htdocs\yii\framework\web\auth\CAccessControlFilter.php:179
Stack trace:
#0 C:\xampp\htdocs\yii\framework\web\auth\CAccessControlFilter.php(142): CAccessControlFilter->accessDenied(Object(CWebUser), 'You are not aut...')
#1 C:\xampp\htdocs\yii\framework\web\filters\CFilter.php(38): CAccessControlFilter->preFilter(Object(CFilterChain))
#2 C:\xampp\htdocs\yii\framework\web\CController.php(1145): CFilter->filter(Object(CFilterChain))
#3 C:\xampp\htdocs\yii\framework\web\filters\CInlineFilter.php(58): CController->filterAccessControl(Object(CFilterChain))
#4 C:\xampp\htdocs\yii\framework\web\filters\CFilterChain.php(130): CInlineFilter->filter(Object(CFilterChain))
#5 C:\xampp\htdocs\yii\framework\web\CController.php(291): CFilterChain->run()
#6 C:\xampp\htdocs\yii\framework\web\CController.php(265): CController->runActionWithFilters(Object(CInlineAction), Array)
#7 C:\xampp\htdocs\yii\framework\web\CWebApplication.php(282): CController->run('')
#8 C:\xampp\htdocs\yii\framework\web\CWebApplication.php(141): CWebApplication->runController('root')
#9 C:\xampp\htdocs\yii\framework\base\CApplication.php(169): CWebApplication->processRequest()
#10 C:\xampp\htdocs\kimbu\index.php(13): CApplication->run()
#11 {main}
REQUEST_URI=/kimbu/root
---
2013/06/14 01:33:46 [error] [exception.CHttpException.403] exception 'CHttpException' with message 'You are not authorized to perform this action.' in C:\xampp\htdocs\yii\framework\web\auth\CAccessControlFilter.php:179
Stack trace:
#0 C:\xampp\htdocs\yii\framework\web\auth\CAccessControlFilter.php(142): CAccessControlFilter->accessDenied(Object(CWebUser), 'You are not aut...')
#1 C:\xampp\htdocs\yii\framework\web\filters\CFilter.php(38): CAccessControlFilter->preFilter(Object(CFilterChain))
#2 C:\xampp\htdocs\yii\framework\web\CController.php(1145): CFilter->filter(Object(CFilterChain))
#3 C:\xampp\htdocs\yii\framework\web\filters\CInlineFilter.php(58): CController->filterAccessControl(Object(CFilterChain))
#4 C:\xampp\htdocs\yii\framework\web\filters\CFilterChain.php(130): CInlineFilter->filter(Object(CFilterChain))
#5 C:\xampp\htdocs\yii\framework\web\CController.php(291): CFilterChain->run()
#6 C:\xampp\htdocs\yii\framework\web\CController.php(265): CController->runActionWithFilters(Object(CInlineAction), Array)
#7 C:\xampp\htdocs\yii\framework\web\CWebApplication.php(282): CController->run('')
#8 C:\xampp\htdocs\yii\framework\web\CWebApplication.php(141): CWebApplication->runController('root')
#9 C:\xampp\htdocs\yii\framework\base\CApplication.php(169): CWebApplication->processRequest()
#10 C:\xampp\htdocs\kimbu\index.php(13): CApplication->run()
#11 {main}
REQUEST_URI=/kimbu/root
---
2013/06/14 01:33:47 [error] [exception.CHttpException.403] exception 'CHttpException' with message 'You are not authorized to perform this action.' in C:\xampp\htdocs\yii\framework\web\auth\CAccessControlFilter.php:179
Stack trace:
#0 C:\xampp\htdocs\yii\framework\web\auth\CAccessControlFilter.php(142): CAccessControlFilter->accessDenied(Object(CWebUser), 'You are not aut...')
#1 C:\xampp\htdocs\yii\framework\web\filters\CFilter.php(38): CAccessControlFilter->preFilter(Object(CFilterChain))
#2 C:\xampp\htdocs\yii\framework\web\CController.php(1145): CFilter->filter(Object(CFilterChain))
#3 C:\xampp\htdocs\yii\framework\web\filters\CInlineFilter.php(58): CController->filterAccessControl(Object(CFilterChain))
#4 C:\xampp\htdocs\yii\framework\web\filters\CFilterChain.php(130): CInlineFilter->filter(Object(CFilterChain))
#5 C:\xampp\htdocs\yii\framework\web\CController.php(291): CFilterChain->run()
#6 C:\xampp\htdocs\yii\framework\web\CController.php(265): CController->runActionWithFilters(Object(CInlineAction), Array)
#7 C:\xampp\htdocs\yii\framework\web\CWebApplication.php(282): CController->run('')
#8 C:\xampp\htdocs\yii\framework\web\CWebApplication.php(141): CWebApplication->runController('root')
#9 C:\xampp\htdocs\yii\framework\base\CApplication.php(169): CWebApplication->processRequest()
#10 C:\xampp\htdocs\kimbu\index.php(13): CApplication->run()
#11 {main}
REQUEST_URI=/kimbu/root
---
2013/06/14 01:33:48 [error] [exception.CHttpException.403] exception 'CHttpException' with message 'You are not authorized to perform this action.' in C:\xampp\htdocs\yii\framework\web\auth\CAccessControlFilter.php:179
Stack trace:
#0 C:\xampp\htdocs\yii\framework\web\auth\CAccessControlFilter.php(142): CAccessControlFilter->accessDenied(Object(CWebUser), 'You are not aut...')
#1 C:\xampp\htdocs\yii\framework\web\filters\CFilter.php(38): CAccessControlFilter->preFilter(Object(CFilterChain))
#2 C:\xampp\htdocs\yii\framework\web\CController.php(1145): CFilter->filter(Object(CFilterChain))
#3 C:\xampp\htdocs\yii\framework\web\filters\CInlineFilter.php(58): CController->filterAccessControl(Object(CFilterChain))
#4 C:\xampp\htdocs\yii\framework\web\filters\CFilterChain.php(130): CInlineFilter->filter(Object(CFilterChain))
#5 C:\xampp\htdocs\yii\framework\web\CController.php(291): CFilterChain->run()
#6 C:\xampp\htdocs\yii\framework\web\CController.php(265): CController->runActionWithFilters(Object(CInlineAction), Array)
#7 C:\xampp\htdocs\yii\framework\web\CWebApplication.php(282): CController->run('')
#8 C:\xampp\htdocs\yii\framework\web\CWebApplication.php(141): CWebApplication->runController('root')
#9 C:\xampp\htdocs\yii\framework\base\CApplication.php(169): CWebApplication->processRequest()
#10 C:\xampp\htdocs\kimbu\index.php(13): CApplication->run()
#11 {main}
REQUEST_URI=/kimbu/root
---
2013/06/14 01:34:01 [error] [exception.CHttpException.403] exception 'CHttpException' with message 'You are not authorized to perform this action.' in C:\xampp\htdocs\yii\framework\web\auth\CAccessControlFilter.php:179
Stack trace:
#0 C:\xampp\htdocs\yii\framework\web\auth\CAccessControlFilter.php(142): CAccessControlFilter->accessDenied(Object(CWebUser), 'You are not aut...')
#1 C:\xampp\htdocs\yii\framework\web\filters\CFilter.php(38): CAccessControlFilter->preFilter(Object(CFilterChain))
#2 C:\xampp\htdocs\yii\framework\web\CController.php(1145): CFilter->filter(Object(CFilterChain))
#3 C:\xampp\htdocs\yii\framework\web\filters\CInlineFilter.php(58): CController->filterAccessControl(Object(CFilterChain))
#4 C:\xampp\htdocs\yii\framework\web\filters\CFilterChain.php(130): CInlineFilter->filter(Object(CFilterChain))
#5 C:\xampp\htdocs\yii\framework\web\CController.php(291): CFilterChain->run()
#6 C:\xampp\htdocs\yii\framework\web\CController.php(265): CController->runActionWithFilters(Object(CInlineAction), Array)
#7 C:\xampp\htdocs\yii\framework\web\CWebApplication.php(282): CController->run('')
#8 C:\xampp\htdocs\yii\framework\web\CWebApplication.php(141): CWebApplication->runController('root')
#9 C:\xampp\htdocs\yii\framework\base\CApplication.php(169): CWebApplication->processRequest()
#10 C:\xampp\htdocs\kimbu\index.php(13): CApplication->run()
#11 {main}
REQUEST_URI=/kimbu/root
HTTP_REFERER=http://localhost/kimbu/site/login
---
2013/06/14 01:36:59 [error] [exception.CHttpException.403] exception 'CHttpException' with message 'You are not authorized to perform this action.' in C:\xampp\htdocs\yii\framework\web\auth\CAccessControlFilter.php:179
Stack trace:
#0 C:\xampp\htdocs\yii\framework\web\auth\CAccessControlFilter.php(142): CAccessControlFilter->accessDenied(Object(CWebUser), 'You are not aut...')
#1 C:\xampp\htdocs\yii\framework\web\filters\CFilter.php(38): CAccessControlFilter->preFilter(Object(CFilterChain))
#2 C:\xampp\htdocs\yii\framework\web\CController.php(1145): CFilter->filter(Object(CFilterChain))
#3 C:\xampp\htdocs\yii\framework\web\filters\CInlineFilter.php(58): CController->filterAccessControl(Object(CFilterChain))
#4 C:\xampp\htdocs\yii\framework\web\filters\CFilterChain.php(130): CInlineFilter->filter(Object(CFilterChain))
#5 C:\xampp\htdocs\yii\framework\web\CController.php(291): CFilterChain->run()
#6 C:\xampp\htdocs\yii\framework\web\CController.php(265): CController->runActionWithFilters(Object(CInlineAction), Array)
#7 C:\xampp\htdocs\yii\framework\web\CWebApplication.php(282): CController->run('')
#8 C:\xampp\htdocs\yii\framework\web\CWebApplication.php(141): CWebApplication->runController('root')
#9 C:\xampp\htdocs\yii\framework\base\CApplication.php(169): CWebApplication->processRequest()
#10 C:\xampp\htdocs\kimbu\index.php(13): CApplication->run()
#11 {main}
REQUEST_URI=/kimbu/root
HTTP_REFERER=http://localhost/kimbu/site/login
---
2013/06/14 01:37:06 [error] [exception.CHttpException.404] exception 'CHttpException' with message 'The system is unable to find the requested action "index".' in C:\xampp\htdocs\yii\framework\web\CController.php:483
Stack trace:
#0 C:\xampp\htdocs\yii\framework\web\CController.php(270): CController->missingAction('')
#1 C:\xampp\htdocs\yii\framework\web\CWebApplication.php(282): CController->run('')
#2 C:\xampp\htdocs\yii\framework\web\CWebApplication.php(141): CWebApplication->runController('user')
#3 C:\xampp\htdocs\yii\framework\base\CApplication.php(169): CWebApplication->processRequest()
#4 C:\xampp\htdocs\kimbu\index.php(13): CApplication->run()
#5 {main}
REQUEST_URI=/kimbu/user
HTTP_REFERER=http://localhost/kimbu/root
---
2013/06/14 01:38:42 [error] [exception.CHttpException.404] exception 'CHttpException' with message 'The system is unable to find the requested action "index".' in C:\xampp\htdocs\yii\framework\web\CController.php:483
Stack trace:
#0 C:\xampp\htdocs\yii\framework\web\CController.php(270): CController->missingAction('')
#1 C:\xampp\htdocs\yii\framework\web\CWebApplication.php(282): CController->run('')
#2 C:\xampp\htdocs\yii\framework\web\CWebApplication.php(141): CWebApplication->runController('user')
#3 C:\xampp\htdocs\yii\framework\base\CApplication.php(169): CWebApplication->processRequest()
#4 C:\xampp\htdocs\kimbu\index.php(13): CApplication->run()
#5 {main}
REQUEST_URI=/kimbu/user
HTTP_REFERER=http://localhost/kimbu/root
---
2013/06/14 01:39:08 [error] [exception.CHttpException.404] exception 'CHttpException' with message 'The system is unable to find the requested action "index".' in C:\xampp\htdocs\yii\framework\web\CController.php:483
Stack trace:
#0 C:\xampp\htdocs\yii\framework\web\CController.php(270): CController->missingAction('')
#1 C:\xampp\htdocs\yii\framework\web\CWebApplication.php(282): CController->run('')
#2 C:\xampp\htdocs\yii\framework\web\CWebApplication.php(141): CWebApplication->runController('user')
#3 C:\xampp\htdocs\yii\framework\base\CApplication.php(169): CWebApplication->processRequest()
#4 C:\xampp\htdocs\kimbu\index.php(13): CApplication->run()
#5 {main}
REQUEST_URI=/kimbu/user
HTTP_REFERER=http://localhost/kimbu/root
---
2013/06/14 01:39:23 [error] [php] Undefined variable: userid (C:\xampp\htdocs\kimbu\protected\controllers\SiteController.php:130)
Stack trace:
#0 C:\xampp\htdocs\yii\framework\web\CController.php(286): SiteController->runAction()
#1 C:\xampp\htdocs\yii\framework\web\CController.php(265): SiteController->runActionWithFilters()
#2 C:\xampp\htdocs\yii\framework\web\CWebApplication.php(282): SiteController->run()
#3 C:\xampp\htdocs\yii\framework\web\CWebApplication.php(141): CWebApplication->runController()
#4 C:\xampp\htdocs\yii\framework\base\CApplication.php(169): CWebApplication->processRequest()
#5 C:\xampp\htdocs\kimbu\index.php(13): CWebApplication->run()
REQUEST_URI=/kimbu/site/login
in C:\xampp\htdocs\kimbu\protected\controllers\SiteController.php (130)
in C:\xampp\htdocs\kimbu\index.php (13)
2013/06/14 01:39:31 [error] [exception.CHttpException.403] exception 'CHttpException' with message 'You are not authorized to perform this action.' in C:\xampp\htdocs\yii\framework\web\auth\CAccessControlFilter.php:179
Stack trace:
#0 C:\xampp\htdocs\yii\framework\web\auth\CAccessControlFilter.php(142): CAccessControlFilter->accessDenied(Object(CWebUser), 'You are not aut...')
#1 C:\xampp\htdocs\yii\framework\web\filters\CFilter.php(38): CAccessControlFilter->preFilter(Object(CFilterChain))
#2 C:\xampp\htdocs\yii\framework\web\CController.php(1145): CFilter->filter(Object(CFilterChain))
#3 C:\xampp\htdocs\yii\framework\web\filters\CInlineFilter.php(58): CController->filterAccessControl(Object(CFilterChain))
#4 C:\xampp\htdocs\yii\framework\web\filters\CFilterChain.php(130): CInlineFilter->filter(Object(CFilterChain))
#5 C:\xampp\htdocs\yii\framework\web\CController.php(291): CFilterChain->run()
#6 C:\xampp\htdocs\yii\framework\web\CController.php(265): CController->runActionWithFilters(Object(CInlineAction), Array)
#7 C:\xampp\htdocs\yii\framework\web\CWebApplication.php(282): CController->run('')
#8 C:\xampp\htdocs\yii\framework\web\CWebApplication.php(141): CWebApplication->runController('root')
#9 C:\xampp\htdocs\yii\framework\base\CApplication.php(169): CWebApplication->processRequest()
#10 C:\xampp\htdocs\kimbu\index.php(13): CApplication->run()
#11 {main}
REQUEST_URI=/kimbu/root
HTTP_REFERER=http://localhost/kimbu/site/login
---
2013/06/14 03:14:20 [error] [php] Undefined variable: userid (C:\xampp\htdocs\kimbu\protected\controllers\SiteController.php:130)
Stack trace:
#0 C:\xampp\htdocs\yii\framework\web\CController.php(286): SiteController->runAction()
#1 C:\xampp\htdocs\yii\framework\web\CController.php(265): SiteController->runActionWithFilters()
#2 C:\xampp\htdocs\yii\framework\web\CWebApplication.php(282): SiteController->run()
#3 C:\xampp\htdocs\yii\framework\web\CWebApplication.php(141): CWebApplication->runController()
#4 C:\xampp\htdocs\yii\framework\base\CApplication.php(169): CWebApplication->processRequest()
#5 C:\xampp\htdocs\kimbu\index.php(13): CWebApplication->run()
REQUEST_URI=/kimbu/site/login
in C:\xampp\htdocs\kimbu\protected\controllers\SiteController.php (130)
in C:\xampp\htdocs\kimbu\index.php (13)
2013/06/14 03:15:52 [error] [exception.CHttpException.404] exception 'CHttpException' with message 'Unable to resolve the request "file/foto/tidakadafoto.jpg".' in C:\xampp\htdocs\yii\framework\web\CWebApplication.php:286
Stack trace:
#0 C:\xampp\htdocs\yii\framework\web\CWebApplication.php(141): CWebApplication->runController('file/foto/tidak...')
#1 C:\xampp\htdocs\yii\framework\base\CApplication.php(169): CWebApplication->processRequest()
#2 C:\xampp\htdocs\kimbu\index.php(13): CApplication->run()
#3 {main}
REQUEST_URI=/kimbu/file/foto/tidakadafoto.jpg
HTTP_REFERER=http://localhost/kimbu/root/profile
---
2013/06/14 03:16:20 [error] [exception.CHttpException.404] exception 'CHttpException' with message 'Unable to resolve the request "file/foto/tidakadafoto.jpg".' in C:\xampp\htdocs\yii\framework\web\CWebApplication.php:286
Stack trace:
#0 C:\xampp\htdocs\yii\framework\web\CWebApplication.php(141): CWebApplication->runController('file/foto/tidak...')
#1 C:\xampp\htdocs\yii\framework\base\CApplication.php(169): CWebApplication->processRequest()
#2 C:\xampp\htdocs\kimbu\index.php(13): CApplication->run()
#3 {main}
REQUEST_URI=/kimbu/file/foto/tidakadafoto.jpg
HTTP_REFERER=http://localhost/kimbu/root/profile/index
---
2013/06/14 03:40:34 [warning] [application] Failed to set unsafe attribute "FOTO" of "User".
in C:\xampp\htdocs\kimbu\protected\modules\root\controllers\UserController.php (68)
in C:\xampp\htdocs\kimbu\index.php (13)
2013/06/14 04:20:26 [error] [php] Undefined variable: userid (C:\xampp\htdocs\kimbu\protected\controllers\SiteController.php:130)
Stack trace:
#0 C:\xampp\htdocs\yii\framework\web\CController.php(286): SiteController->runAction()
#1 C:\xampp\htdocs\yii\framework\web\CController.php(265): SiteController->runActionWithFilters()
#2 C:\xampp\htdocs\yii\framework\web\CWebApplication.php(282): SiteController->run()
#3 C:\xampp\htdocs\yii\framework\web\CWebApplication.php(141): CWebApplication->runController()
#4 C:\xampp\htdocs\yii\framework\base\CApplication.php(169): CWebApplication->processRequest()
#5 C:\xampp\htdocs\kimbu\index.php(13): CWebApplication->run()
REQUEST_URI=/kimbu/site/login
in C:\xampp\htdocs\kimbu\protected\controllers\SiteController.php (130)
in C:\xampp\htdocs\kimbu\index.php (13)
2013/06/14 04:20:32 [error] [php] Undefined variable: userid (C:\xampp\htdocs\kimbu\protected\controllers\SiteController.php:130)
Stack trace:
#0 C:\xampp\htdocs\yii\framework\web\CController.php(286): SiteController->runAction()
#1 C:\xampp\htdocs\yii\framework\web\CController.php(265): SiteController->runActionWithFilters()
#2 C:\xampp\htdocs\yii\framework\web\CWebApplication.php(282): SiteController->run()
#3 C:\xampp\htdocs\yii\framework\web\CWebApplication.php(141): CWebApplication->runController()
#4 C:\xampp\htdocs\yii\framework\base\CApplication.php(169): CWebApplication->processRequest()
#5 C:\xampp\htdocs\kimbu\index.php(13): CWebApplication->run()
REQUEST_URI=/kimbu/site/login
in C:\xampp\htdocs\kimbu\protected\controllers\SiteController.php (130)
in C:\xampp\htdocs\kimbu\index.php (13)
2013/06/14 04:20:40 [error] [php] Undefined variable: userid (C:\xampp\htdocs\kimbu\protected\controllers\SiteController.php:130)
Stack trace:
#0 C:\xampp\htdocs\yii\framework\web\CController.php(286): SiteController->runAction()
#1 C:\xampp\htdocs\yii\framework\web\CController.php(265): SiteController->runActionWithFilters()
#2 C:\xampp\htdocs\yii\framework\web\CWebApplication.php(282): SiteController->run()
#3 C:\xampp\htdocs\yii\framework\web\CWebApplication.php(141): CWebApplication->runController()
#4 C:\xampp\htdocs\yii\framework\base\CApplication.php(169): CWebApplication->processRequest()
#5 C:\xampp\htdocs\kimbu\index.php(13): CWebApplication->run()
REQUEST_URI=/kimbu/site/login
in C:\xampp\htdocs\kimbu\protected\controllers\SiteController.php (130)
in C:\xampp\htdocs\kimbu\index.php (13)
2013/06/14 04:51:32 [error] [exception.CHttpException.400] exception 'CHttpException' with message 'Your request is invalid.' in C:\xampp\htdocs\yii\framework\web\CController.php:336
Stack trace:
#0 C:\xampp\htdocs\yii\framework\web\CController.php(309): CController->invalidActionParams(Object(CInlineAction))
#1 C:\xampp\htdocs\yii\framework\web\CController.php(286): CController->runAction(Object(CInlineAction))
#2 C:\xampp\htdocs\yii\framework\web\CController.php(265): CController->runActionWithFilters(Object(CInlineAction), Array)
#3 C:\xampp\htdocs\yii\framework\web\CWebApplication.php(282): CController->run('forgotpassword')
#4 C:\xampp\htdocs\yii\framework\web\CWebApplication.php(141): CWebApplication->runController('site/forgotpass...')
#5 C:\xampp\htdocs\yii\framework\base\CApplication.php(169): CWebApplication->processRequest()
#6 C:\xampp\htdocs\kimbu\index.php(13): CApplication->run()
#7 {main}
REQUEST_URI=/kimbu/site/forgotpassword/e96252a8155
---
2013/06/14 04:53:44 [error] [exception.CHttpException.400] exception 'CHttpException' with message 'Your request is invalid.' in C:\xampp\htdocs\yii\framework\web\CController.php:336
Stack trace:
#0 C:\xampp\htdocs\yii\framework\web\CController.php(309): CController->invalidActionParams(Object(CInlineAction))
#1 C:\xampp\htdocs\yii\framework\web\CController.php(286): CController->runAction(Object(CInlineAction))
#2 C:\xampp\htdocs\yii\framework\web\CController.php(265): CController->runActionWithFilters(Object(CInlineAction), Array)
#3 C:\xampp\htdocs\yii\framework\web\CWebApplication.php(282): CController->run('forgotpassword')
#4 C:\xampp\htdocs\yii\framework\web\CWebApplication.php(141): CWebApplication->runController('site/forgotpass...')
#5 C:\xampp\htdocs\yii\framework\base\CApplication.php(169): CWebApplication->processRequest()
#6 C:\xampp\htdocs\kimbu\index.php(13): CApplication->run()
#7 {main}
REQUEST_URI=/kimbu/site/forgotpassword/e96252a8155
---
2013/06/14 05:13:19 [error] [exception.CHttpException.400] exception 'CHttpException' with message 'Your request is invalid.' in C:\xampp\htdocs\yii\framework\web\CController.php:336
Stack trace:
#0 C:\xampp\htdocs\yii\framework\web\CController.php(309): CController->invalidActionParams(Object(CInlineAction))
#1 C:\xampp\htdocs\yii\framework\web\CController.php(286): CController->runAction(Object(CInlineAction))
#2 C:\xampp\htdocs\yii\framework\web\CController.php(265): CController->runActionWithFilters(Object(CInlineAction), Array)
#3 C:\xampp\htdocs\yii\framework\web\CWebApplication.php(282): CController->run('forgotpassword')
#4 C:\xampp\htdocs\yii\framework\web\CWebApplication.php(141): CWebApplication->runController('site/forgotpass...')
#5 C:\xampp\htdocs\yii\framework\base\CApplication.php(169): CWebApplication->processRequest()
#6 C:\xampp\htdocs\kimbu\index.php(13): CApplication->run()
#7 {main}
REQUEST_URI=/kimbu/site/forgotpassword/e96252a8155
---
2013/06/14 05:27:57 [error] [php] Undefined variable: output (C:\xampp\htdocs\kimbu\protected\models\User.php:171)
Stack trace:
#0 C:\xampp\htdocs\yii\framework\web\actions\CInlineAction.php(49): SiteController->actionForgot()
#1 C:\xampp\htdocs\yii\framework\web\CController.php(308): CInlineAction->runWithParams()
#2 C:\xampp\htdocs\yii\framework\web\CController.php(286): SiteController->runAction()
#3 C:\xampp\htdocs\yii\framework\web\CController.php(265): SiteController->runActionWithFilters()
#4 C:\xampp\htdocs\yii\framework\web\CWebApplication.php(282): SiteController->run()
#5 C:\xampp\htdocs\yii\framework\web\CWebApplication.php(141): CWebApplication->runController()
#6 C:\xampp\htdocs\yii\framework\base\CApplication.php(169): CWebApplication->processRequest()
#7 C:\xampp\htdocs\kimbu\index.php(13): CWebApplication->run()
REQUEST_URI=/kimbu/site/forgot
in C:\xampp\htdocs\kimbu\protected\models\User.php (171)
in C:\xampp\htdocs\kimbu\protected\models\User.php (181)
in C:\xampp\htdocs\kimbu\protected\controllers\SiteController.php (77)
2013/06/14 05:35:59 [error] [php] Trying to get property of non-object (C:\xampp\htdocs\kimbu\protected\models\User.php:172)
Stack trace:
#0 C:\xampp\htdocs\yii\framework\web\CController.php(308): CInlineAction->runWithParams()
#1 C:\xampp\htdocs\yii\framework\web\CController.php(286): SiteController->runAction()
#2 C:\xampp\htdocs\yii\framework\web\CController.php(265): SiteController->runActionWithFilters()
#3 C:\xampp\htdocs\yii\framework\web\CWebApplication.php(282): SiteController->run()
#4 C:\xampp\htdocs\yii\framework\web\CWebApplication.php(141): CWebApplication->runController()
#5 C:\xampp\htdocs\yii\framework\base\CApplication.php(169): CWebApplication->processRequest()
#6 C:\xampp\htdocs\kimbu\index.php(13): CWebApplication->run()
REQUEST_URI=/kimbu/site/forgot
in C:\xampp\htdocs\kimbu\protected\models\User.php (172)
in C:\xampp\htdocs\kimbu\protected\controllers\SiteController.php (77)
in C:\xampp\htdocs\kimbu\index.php (13)
2013/06/14 05:40:22 [error] [php] Trying to get property of non-object (C:\xampp\htdocs\kimbu\protected\models\User.php:172)
Stack trace:
#0 C:\xampp\htdocs\yii\framework\web\CController.php(308): CInlineAction->runWithParams()
#1 C:\xampp\htdocs\yii\framework\web\CController.php(286): SiteController->runAction()
#2 C:\xampp\htdocs\yii\framework\web\CController.php(265): SiteController->runActionWithFilters()
#3 C:\xampp\htdocs\yii\framework\web\CWebApplication.php(282): SiteController->run()
#4 C:\xampp\htdocs\yii\framework\web\CWebApplication.php(141): CWebApplication->runController()
#5 C:\xampp\htdocs\yii\framework\base\CApplication.php(169): CWebApplication->processRequest()
#6 C:\xampp\htdocs\kimbu\index.php(13): CWebApplication->run()
REQUEST_URI=/kimbu/site/forgot
in C:\xampp\htdocs\kimbu\protected\models\User.php (172)
in C:\xampp\htdocs\kimbu\protected\controllers\SiteController.php (77)
in C:\xampp\htdocs\kimbu\index.php (13)
2013/06/15 07:03:57 [error] [php] include(files.php) [<a href='function.include'>function.include</a>]: failed to open stream: No such file or directory (C:\xampp\htdocs\yii\framework\YiiBase.php:421)
Stack trace:
#0 C:\xampp\htdocs\yii\framework\validators\CValidator.php(186): import()
#1 C:\xampp\htdocs\yii\framework\base\CModel.php(286): createValidator()
#2 C:\xampp\htdocs\yii\framework\base\CModel.php(260): Divisi->createValidators()
#3 C:\xampp\htdocs\yii\framework\base\CModel.php(303): Divisi->getValidators()
#4 C:\xampp\htdocs\yii\framework\web\helpers\CHtml.php(1237): Divisi->isAttributeRequired()
#5 C:\xampp\htdocs\yii\framework\web\widgets\CActiveForm.php(562): activeLabelEx()
#6 C:\xampp\htdocs\kimbu\protected\modules\root\views\divisi\_form.php(20): CActiveForm->labelEx()
#7 C:\xampp\htdocs\yii\framework\web\CBaseController.php(126): require()
#8 C:\xampp\htdocs\yii\framework\web\CBaseController.php(95): DivisiController->renderInternal()
#9 C:\xampp\htdocs\yii\framework\web\CController.php(869): DivisiController->renderFile()
#10 C:\xampp\htdocs\kimbu\protected\modules\root\views\divisi\create.php(16): DivisiController->renderPartial()
#11 C:\xampp\htdocs\yii\framework\web\CBaseController.php(126): require()
#12 C:\xampp\htdocs\yii\framework\web\CBaseController.php(95): DivisiController->renderInternal()
#13 C:\xampp\htdocs\yii\framework\web\CController.php(869): DivisiController->renderFile()
#14 C:\xampp\htdocs\yii\framework\web\CController.php(782): DivisiController->renderPartial()
#15 C:\xampp\htdocs\kimbu\protected\modules\root\controllers\DivisiController.php(73): DivisiController->render()
#16 C:\xampp\htdocs\yii\framework\web\actions\CInlineAction.php(49): DivisiController->actionCreate()
#17 C:\xampp\htdocs\yii\framework\web\CController.php(308): CInlineAction->runWithParams()
#18 C:\xampp\htdocs\yii\framework\web\filters\CFilterChain.php(133): DivisiController->runAction()
#19 C:\xampp\htdocs\yii\framework\web\filters\CFilter.php(40): CFilterChain->run()
#20 C:\xampp\htdocs\yii\framework\web\CController.php(1145): CAccessControlFilter->filter()
#21 C:\xampp\htdocs\yii\framework\web\filters\CInlineFilter.php(58): DivisiController->filterAccessControl()
#22 C:\xampp\htdocs\yii\framework\web\filters\CFilterChain.php(130): CInlineFilter->filter()
#23 C:\xampp\htdocs\yii\framework\web\CController.php(291): CFilterChain->run()
#24 C:\xampp\htdocs\yii\framework\web\CController.php(265): DivisiController->runActionWithFilters()
#25 C:\xampp\htdocs\yii\framework\web\CWebApplication.php(282): DivisiController->run()
#26 C:\xampp\htdocs\yii\framework\web\CWebApplication.php(141): CWebApplication->runController()
#27 C:\xampp\htdocs\yii\framework\base\CApplication.php(169): CWebApplication->processRequest()
#28 C:\xampp\htdocs\kimbu\index.php(13): CWebApplication->run()
REQUEST_URI=/kimbu/root/divisi/create
in C:\xampp\htdocs\kimbu\protected\modules\root\views\divisi\_form.php (20)
in C:\xampp\htdocs\kimbu\protected\modules\root\views\divisi\create.php (16)
in C:\xampp\htdocs\kimbu\protected\modules\root\controllers\DivisiController.php (73)
2013/06/15 07:04:03 [error] [php] include(files.php) [<a href='function.include'>function.include</a>]: failed to open stream: No such file or directory (C:\xampp\htdocs\yii\framework\YiiBase.php:421)
Stack trace:
#0 C:\xampp\htdocs\yii\framework\validators\CValidator.php(186): import()
#1 C:\xampp\htdocs\yii\framework\base\CModel.php(286): createValidator()
#2 C:\xampp\htdocs\yii\framework\base\CModel.php(260): Divisi->createValidators()
#3 C:\xampp\htdocs\yii\framework\base\CModel.php(303): Divisi->getValidators()
#4 C:\xampp\htdocs\yii\framework\web\helpers\CHtml.php(1237): Divisi->isAttributeRequired()
#5 C:\xampp\htdocs\yii\framework\web\widgets\CActiveForm.php(562): activeLabelEx()
#6 C:\xampp\htdocs\kimbu\protected\modules\root\views\divisi\_form.php(20): CActiveForm->labelEx()
#7 C:\xampp\htdocs\yii\framework\web\CBaseController.php(126): require()
#8 C:\xampp\htdocs\yii\framework\web\CBaseController.php(95): DivisiController->renderInternal()
#9 C:\xampp\htdocs\yii\framework\web\CController.php(869): DivisiController->renderFile()
#10 C:\xampp\htdocs\kimbu\protected\modules\root\views\divisi\create.php(16): DivisiController->renderPartial()
#11 C:\xampp\htdocs\yii\framework\web\CBaseController.php(126): require()
#12 C:\xampp\htdocs\yii\framework\web\CBaseController.php(95): DivisiController->renderInternal()
#13 C:\xampp\htdocs\yii\framework\web\CController.php(869): DivisiController->renderFile()
#14 C:\xampp\htdocs\yii\framework\web\CController.php(782): DivisiController->renderPartial()
#15 C:\xampp\htdocs\kimbu\protected\modules\root\controllers\DivisiController.php(73): DivisiController->render()
#16 C:\xampp\htdocs\yii\framework\web\actions\CInlineAction.php(49): DivisiController->actionCreate()
#17 C:\xampp\htdocs\yii\framework\web\CController.php(308): CInlineAction->runWithParams()
#18 C:\xampp\htdocs\yii\framework\web\filters\CFilterChain.php(133): DivisiController->runAction()
#19 C:\xampp\htdocs\yii\framework\web\filters\CFilter.php(40): CFilterChain->run()
#20 C:\xampp\htdocs\yii\framework\web\CController.php(1145): CAccessControlFilter->filter()
#21 C:\xampp\htdocs\yii\framework\web\filters\CInlineFilter.php(58): DivisiController->filterAccessControl()
#22 C:\xampp\htdocs\yii\framework\web\filters\CFilterChain.php(130): CInlineFilter->filter()
#23 C:\xampp\htdocs\yii\framework\web\CController.php(291): CFilterChain->run()
#24 C:\xampp\htdocs\yii\framework\web\CController.php(265): DivisiController->runActionWithFilters()
#25 C:\xampp\htdocs\yii\framework\web\CWebApplication.php(282): DivisiController->run()
#26 C:\xampp\htdocs\yii\framework\web\CWebApplication.php(141): CWebApplication->runController()
#27 C:\xampp\htdocs\yii\framework\base\CApplication.php(169): CWebApplication->processRequest()
#28 C:\xampp\htdocs\kimbu\index.php(13): CWebApplication->run()
REQUEST_URI=/kimbu/root/divisi/create
in C:\xampp\htdocs\kimbu\protected\modules\root\views\divisi\_form.php (20)
in C:\xampp\htdocs\kimbu\protected\modules\root\views\divisi\create.php (16)
in C:\xampp\htdocs\kimbu\protected\modules\root\controllers\DivisiController.php (73)
2013/06/15 07:04:32 [error] [php] include(files.php) [<a href='function.include'>function.include</a>]: failed to open stream: No such file or directory (C:\xampp\htdocs\yii\framework\YiiBase.php:421)
Stack trace:
#0 C:\xampp\htdocs\yii\framework\validators\CValidator.php(186): import()
#1 C:\xampp\htdocs\yii\framework\base\CModel.php(286): createValidator()
#2 C:\xampp\htdocs\yii\framework\base\CModel.php(260): Divisi->createValidators()
#3 C:\xampp\htdocs\yii\framework\base\CModel.php(303): Divisi->getValidators()
#4 C:\xampp\htdocs\yii\framework\web\helpers\CHtml.php(1237): Divisi->isAttributeRequired()
#5 C:\xampp\htdocs\yii\framework\web\widgets\CActiveForm.php(562): activeLabelEx()
#6 C:\xampp\htdocs\kimbu\protected\modules\root\views\divisi\_form.php(20): CActiveForm->labelEx()
#7 C:\xampp\htdocs\yii\framework\web\CBaseController.php(126): require()
#8 C:\xampp\htdocs\yii\framework\web\CBaseController.php(95): DivisiController->renderInternal()
#9 C:\xampp\htdocs\yii\framework\web\CController.php(869): DivisiController->renderFile()
#10 C:\xampp\htdocs\kimbu\protected\modules\root\views\divisi\create.php(16): DivisiController->renderPartial()
#11 C:\xampp\htdocs\yii\framework\web\CBaseController.php(126): require()
#12 C:\xampp\htdocs\yii\framework\web\CBaseController.php(95): DivisiController->renderInternal()
#13 C:\xampp\htdocs\yii\framework\web\CController.php(869): DivisiController->renderFile()
#14 C:\xampp\htdocs\yii\framework\web\CController.php(782): DivisiController->renderPartial()
#15 C:\xampp\htdocs\kimbu\protected\modules\root\controllers\DivisiController.php(73): DivisiController->render()
#16 C:\xampp\htdocs\yii\framework\web\actions\CInlineAction.php(49): DivisiController->actionCreate()
#17 C:\xampp\htdocs\yii\framework\web\CController.php(308): CInlineAction->runWithParams()
#18 C:\xampp\htdocs\yii\framework\web\filters\CFilterChain.php(133): DivisiController->runAction()
#19 C:\xampp\htdocs\yii\framework\web\filters\CFilter.php(40): CFilterChain->run()
#20 C:\xampp\htdocs\yii\framework\web\CController.php(1145): CAccessControlFilter->filter()
#21 C:\xampp\htdocs\yii\framework\web\filters\CInlineFilter.php(58): DivisiController->filterAccessControl()
#22 C:\xampp\htdocs\yii\framework\web\filters\CFilterChain.php(130): CInlineFilter->filter()
#23 C:\xampp\htdocs\yii\framework\web\CController.php(291): CFilterChain->run()
#24 C:\xampp\htdocs\yii\framework\web\CController.php(265): DivisiController->runActionWithFilters()
#25 C:\xampp\htdocs\yii\framework\web\CWebApplication.php(282): DivisiController->run()
#26 C:\xampp\htdocs\yii\framework\web\CWebApplication.php(141): CWebApplication->runController()
#27 C:\xampp\htdocs\yii\framework\base\CApplication.php(169): CWebApplication->processRequest()
#28 C:\xampp\htdocs\kimbu\index.php(13): CWebApplication->run()
REQUEST_URI=/kimbu/root/divisi/create
in C:\xampp\htdocs\kimbu\protected\modules\root\views\divisi\_form.php (20)
in C:\xampp\htdocs\kimbu\protected\modules\root\views\divisi\create.php (16)
in C:\xampp\htdocs\kimbu\protected\modules\root\controllers\DivisiController.php (73)
2013/06/15 07:04:48 [error] [php] include(files.php) [<a href='function.include'>function.include</a>]: failed to open stream: No such file or directory (C:\xampp\htdocs\yii\framework\YiiBase.php:421)
Stack trace:
#0 C:\xampp\htdocs\yii\framework\validators\CValidator.php(186): import()
#1 C:\xampp\htdocs\yii\framework\base\CModel.php(286): createValidator()
#2 C:\xampp\htdocs\yii\framework\base\CModel.php(260): Divisi->createValidators()
#3 C:\xampp\htdocs\yii\framework\base\CModel.php(303): Divisi->getValidators()
#4 C:\xampp\htdocs\yii\framework\web\helpers\CHtml.php(1237): Divisi->isAttributeRequired()
#5 C:\xampp\htdocs\yii\framework\web\widgets\CActiveForm.php(562): activeLabelEx()
#6 C:\xampp\htdocs\kimbu\protected\modules\root\views\divisi\_form.php(20): CActiveForm->labelEx()
#7 C:\xampp\htdocs\yii\framework\web\CBaseController.php(126): require()
#8 C:\xampp\htdocs\yii\framework\web\CBaseController.php(95): DivisiController->renderInternal()
#9 C:\xampp\htdocs\yii\framework\web\CController.php(869): DivisiController->renderFile()
#10 C:\xampp\htdocs\kimbu\protected\modules\root\views\divisi\create.php(16): DivisiController->renderPartial()
#11 C:\xampp\htdocs\yii\framework\web\CBaseController.php(126): require()
#12 C:\xampp\htdocs\yii\framework\web\CBaseController.php(95): DivisiController->renderInternal()
#13 C:\xampp\htdocs\yii\framework\web\CController.php(869): DivisiController->renderFile()
#14 C:\xampp\htdocs\yii\framework\web\CController.php(782): DivisiController->renderPartial()
#15 C:\xampp\htdocs\kimbu\protected\modules\root\controllers\DivisiController.php(73): DivisiController->render()
#16 C:\xampp\htdocs\yii\framework\web\actions\CInlineAction.php(49): DivisiController->actionCreate()
#17 C:\xampp\htdocs\yii\framework\web\CController.php(308): CInlineAction->runWithParams()
#18 C:\xampp\htdocs\yii\framework\web\filters\CFilterChain.php(133): DivisiController->runAction()
#19 C:\xampp\htdocs\yii\framework\web\filters\CFilter.php(40): CFilterChain->run()
#20 C:\xampp\htdocs\yii\framework\web\CController.php(1145): CAccessControlFilter->filter()
#21 C:\xampp\htdocs\yii\framework\web\filters\CInlineFilter.php(58): DivisiController->filterAccessControl()
#22 C:\xampp\htdocs\yii\framework\web\filters\CFilterChain.php(130): CInlineFilter->filter()
#23 C:\xampp\htdocs\yii\framework\web\CController.php(291): CFilterChain->run()
#24 C:\xampp\htdocs\yii\framework\web\CController.php(265): DivisiController->runActionWithFilters()
#25 C:\xampp\htdocs\yii\framework\web\CWebApplication.php(282): DivisiController->run()
#26 C:\xampp\htdocs\yii\framework\web\CWebApplication.php(141): CWebApplication->runController()
#27 C:\xampp\htdocs\yii\framework\base\CApplication.php(169): CWebApplication->processRequest()
#28 C:\xampp\htdocs\kimbu\index.php(13): CWebApplication->run()
REQUEST_URI=/kimbu/root/divisi/create
in C:\xampp\htdocs\kimbu\protected\modules\root\views\divisi\_form.php (20)
in C:\xampp\htdocs\kimbu\protected\modules\root\views\divisi\create.php (16)
in C:\xampp\htdocs\kimbu\protected\modules\root\controllers\DivisiController.php (73)
2013/06/15 07:04:49 [error] [php] include(files.php) [<a href='function.include'>function.include</a>]: failed to open stream: No such file or directory (C:\xampp\htdocs\yii\framework\YiiBase.php:421)
Stack trace:
#0 C:\xampp\htdocs\yii\framework\validators\CValidator.php(186): import()
#1 C:\xampp\htdocs\yii\framework\base\CModel.php(286): createValidator()
#2 C:\xampp\htdocs\yii\framework\base\CModel.php(260): Divisi->createValidators()
#3 C:\xampp\htdocs\yii\framework\base\CModel.php(303): Divisi->getValidators()
#4 C:\xampp\htdocs\yii\framework\web\helpers\CHtml.php(1237): Divisi->isAttributeRequired()
#5 C:\xampp\htdocs\yii\framework\web\widgets\CActiveForm.php(562): activeLabelEx()
#6 C:\xampp\htdocs\kimbu\protected\modules\root\views\divisi\_form.php(20): CActiveForm->labelEx()
#7 C:\xampp\htdocs\yii\framework\web\CBaseController.php(126): require()
#8 C:\xampp\htdocs\yii\framework\web\CBaseController.php(95): DivisiController->renderInternal()
#9 C:\xampp\htdocs\yii\framework\web\CController.php(869): DivisiController->renderFile()
#10 C:\xampp\htdocs\kimbu\protected\modules\root\views\divisi\create.php(16): DivisiController->renderPartial()
#11 C:\xampp\htdocs\yii\framework\web\CBaseController.php(126): require()
#12 C:\xampp\htdocs\yii\framework\web\CBaseController.php(95): DivisiController->renderInternal()
#13 C:\xampp\htdocs\yii\framework\web\CController.php(869): DivisiController->renderFile()
#14 C:\xampp\htdocs\yii\framework\web\CController.php(782): DivisiController->renderPartial()
#15 C:\xampp\htdocs\kimbu\protected\modules\root\controllers\DivisiController.php(73): DivisiController->render()
#16 C:\xampp\htdocs\yii\framework\web\actions\CInlineAction.php(49): DivisiController->actionCreate()
#17 C:\xampp\htdocs\yii\framework\web\CController.php(308): CInlineAction->runWithParams()
#18 C:\xampp\htdocs\yii\framework\web\filters\CFilterChain.php(133): DivisiController->runAction()
#19 C:\xampp\htdocs\yii\framework\web\filters\CFilter.php(40): CFilterChain->run()
#20 C:\xampp\htdocs\yii\framework\web\CController.php(1145): CAccessControlFilter->filter()
#21 C:\xampp\htdocs\yii\framework\web\filters\CInlineFilter.php(58): DivisiController->filterAccessControl()
#22 C:\xampp\htdocs\yii\framework\web\filters\CFilterChain.php(130): CInlineFilter->filter()
#23 C:\xampp\htdocs\yii\framework\web\CController.php(291): CFilterChain->run()
#24 C:\xampp\htdocs\yii\framework\web\CController.php(265): DivisiController->runActionWithFilters()
#25 C:\xampp\htdocs\yii\framework\web\CWebApplication.php(282): DivisiController->run()
#26 C:\xampp\htdocs\yii\framework\web\CWebApplication.php(141): CWebApplication->runController()
#27 C:\xampp\htdocs\yii\framework\base\CApplication.php(169): CWebApplication->processRequest()
#28 C:\xampp\htdocs\kimbu\index.php(13): CWebApplication->run()
REQUEST_URI=/kimbu/root/divisi/create
in C:\xampp\htdocs\kimbu\protected\modules\root\views\divisi\_form.php (20)
in C:\xampp\htdocs\kimbu\protected\modules\root\views\divisi\create.php (16)
in C:\xampp\htdocs\kimbu\protected\modules\root\controllers\DivisiController.php (73)
2013/06/15 07:06:59 [warning] [application] Failed to set unsafe attribute "LOGO" of "Divisi".
in C:\xampp\htdocs\kimbu\protected\modules\root\controllers\DivisiController.php (66)
in C:\xampp\htdocs\kimbu\index.php (13)
2013/06/15 07:10:10 [warning] [application] Failed to set unsafe attribute "LOGO" of "Divisi".
in C:\xampp\htdocs\kimbu\protected\modules\root\controllers\DivisiController.php (66)
in C:\xampp\htdocs\kimbu\index.php (13)
2013/06/15 07:36:21 [warning] [application] Failed to set unsafe attribute "LOGO" of "Divisi".
in C:\xampp\htdocs\kimbu\protected\modules\root\controllers\DivisiController.php (66)
in C:\xampp\htdocs\kimbu\index.php (13)
2013/06/15 07:36:29 [warning] [application] Failed to set unsafe attribute "LOGO" of "Divisi".
in C:\xampp\htdocs\kimbu\protected\modules\root\controllers\DivisiController.php (66)
in C:\xampp\htdocs\kimbu\index.php (13)
2013/06/15 07:44:29 [error] [exception.CException] exception 'CException' with message 'Divisi and its behaviors do not have a method or closure named "displayPicture".' in C:\xampp\htdocs\yii\framework\base\CComponent.php:265
Stack trace:
#0 C:\xampp\htdocs\yii\framework\db\ar\CActiveRecord.php(225): CComponent->__call('displayPicture', Array)
#1 C:\xampp\htdocs\kimbu\protected\modules\root\views\divisi\view.php(20): CActiveRecord->__call('displayPicture', Array)
#2 C:\xampp\htdocs\kimbu\protected\modules\root\views\divisi\view.php(20): Divisi->displayPicture('tidakadalogo.jp...')
#3 C:\xampp\htdocs\yii\framework\web\CBaseController.php(126): require('C:\xampp\htdocs...')
#4 C:\xampp\htdocs\yii\framework\web\CBaseController.php(95): CBaseController->renderInternal('C:\xampp\htdocs...', Array, true)
#5 C:\xampp\htdocs\yii\framework\web\CController.php(869): CBaseController->renderFile('C:\xampp\htdocs...', Array, true)
#6 C:\xampp\htdocs\yii\framework\web\CController.php(782): CController->renderPartial('view', Array, true)
#7 C:\xampp\htdocs\kimbu\protected\modules\root\controllers\DivisiController.php(50): CController->render('view', Array)
#8 [internal function]: DivisiController->actionView('1')
#9 C:\xampp\htdocs\yii\framework\web\actions\CAction.php(108): ReflectionMethod->invokeArgs(Object(DivisiController), Array)
#10 C:\xampp\htdocs\yii\framework\web\actions\CInlineAction.php(47): CAction->runWithParamsInternal(Object(DivisiController), Object(ReflectionMethod), Array)
#11 C:\xampp\htdocs\yii\framework\web\CController.php(308): CInlineAction->runWithParams(Array)
#12 C:\xampp\htdocs\yii\framework\web\filters\CFilterChain.php(133): CController->runAction(Object(CInlineAction))
#13 C:\xampp\htdocs\yii\framework\web\filters\CFilter.php(40): CFilterChain->run()
#14 C:\xampp\htdocs\yii\framework\web\CController.php(1145): CFilter->filter(Object(CFilterChain))
#15 C:\xampp\htdocs\yii\framework\web\filters\CInlineFilter.php(58): CController->filterAccessControl(Object(CFilterChain))
#16 C:\xampp\htdocs\yii\framework\web\filters\CFilterChain.php(130): CInlineFilter->filter(Object(CFilterChain))
#17 C:\xampp\htdocs\yii\framework\web\CController.php(291): CFilterChain->run()
#18 C:\xampp\htdocs\yii\framework\web\CController.php(265): CController->runActionWithFilters(Object(CInlineAction), Array)
#19 C:\xampp\htdocs\yii\framework\web\CWebApplication.php(282): CController->run('view')
#20 C:\xampp\htdocs\yii\framework\web\CWebApplication.php(141): CWebApplication->runController('root/divisi/vie...')
#21 C:\xampp\htdocs\yii\framework\base\CApplication.php(169): CWebApplication->processRequest()
#22 C:\xampp\htdocs\kimbu\index.php(13): CApplication->run()
#23 {main}
REQUEST_URI=/kimbu/root/divisi/view/1
HTTP_REFERER=http://localhost/kimbu/root/divisi
---
2013/06/15 07:45:58 [error] [exception.CHttpException.404] exception 'CHttpException' with message 'Unable to resolve the request "file/logo/divisi/tidakadalogo.jpg".' in C:\xampp\htdocs\yii\framework\web\CWebApplication.php:286
Stack trace:
#0 C:\xampp\htdocs\yii\framework\web\CWebApplication.php(141): CWebApplication->runController('file/logo/divis...')
#1 C:\xampp\htdocs\yii\framework\base\CApplication.php(169): CWebApplication->processRequest()
#2 C:\xampp\htdocs\kimbu\index.php(13): CApplication->run()
#3 {main}
REQUEST_URI=/kimbu/file/logo/divisi/tidakadalogo.jpg
HTTP_REFERER=http://localhost/kimbu/root/divisi/view/1
---
2013/06/15 07:47:03 [error] [exception.CHttpException.404] exception 'CHttpException' with message 'Unable to resolve the request "file/logo/divisi/tidakadalogo.jpg".' in C:\xampp\htdocs\yii\framework\web\CWebApplication.php:286
Stack trace:
#0 C:\xampp\htdocs\yii\framework\web\CWebApplication.php(141): CWebApplication->runController('file/logo/divis...')
#1 C:\xampp\htdocs\yii\framework\base\CApplication.php(169): CWebApplication->processRequest()
#2 C:\xampp\htdocs\kimbu\index.php(13): CApplication->run()
#3 {main}
REQUEST_URI=/kimbu/file/logo/divisi/tidakadalogo.jpg
HTTP_REFERER=http://localhost/kimbu/root/divisi/view/1
---
2013/06/15 07:47:17 [error] [exception.CHttpException.404] exception 'CHttpException' with message 'Unable to resolve the request "file/logo/divisi/tidakadalogo.jpg".' in C:\xampp\htdocs\yii\framework\web\CWebApplication.php:286
Stack trace:
#0 C:\xampp\htdocs\yii\framework\web\CWebApplication.php(141): CWebApplication->runController('file/logo/divis...')
#1 C:\xampp\htdocs\yii\framework\base\CApplication.php(169): CWebApplication->processRequest()
#2 C:\xampp\htdocs\kimbu\index.php(13): CApplication->run()
#3 {main}
REQUEST_URI=/kimbu/file/logo/divisi/tidakadalogo.jpg
HTTP_REFERER=http://localhost/kimbu/root/divisi/view/1
---
2013/06/15 07:47:25 [error] [exception.CHttpException.404] exception 'CHttpException' with message 'Unable to resolve the request "file/logo/divisi/tidakadalogo.jpg".' in C:\xampp\htdocs\yii\framework\web\CWebApplication.php:286
Stack trace:
#0 C:\xampp\htdocs\yii\framework\web\CWebApplication.php(141): CWebApplication->runController('file/logo/divis...')
#1 C:\xampp\htdocs\yii\framework\base\CApplication.php(169): CWebApplication->processRequest()
#2 C:\xampp\htdocs\kimbu\index.php(13): CApplication->run()
#3 {main}
REQUEST_URI=/kimbu/file/logo/divisi/tidakadalogo.jpg
HTTP_REFERER=http://localhost/kimbu/root/divisi/view/1
---
2013/06/15 07:47:56 [warning] [application] Failed to set unsafe attribute "LOGO" of "Divisi".
in C:\xampp\htdocs\kimbu\protected\modules\root\controllers\DivisiController.php (66)
in C:\xampp\htdocs\kimbu\index.php (13)
2013/06/15 07:54:35 [warning] [application] Failed to set unsafe attribute "LOGO" of "Perusahaan".
in C:\xampp\htdocs\kimbu\protected\modules\root\controllers\PerusahaanController.php (72)
in C:\xampp\htdocs\kimbu\index.php (13)
2013/06/15 08:03:15 [warning] [application] Failed to set unsafe attribute "LOGO" of "Perusahaan".
in C:\xampp\htdocs\kimbu\protected\modules\root\controllers\PerusahaanController.php (72)
in C:\xampp\htdocs\kimbu\index.php (13)
2013/06/15 08:06:19 [warning] [application] Failed to set unsafe attribute "LOGO" of "Perusahaan".
in C:\xampp\htdocs\kimbu\protected\modules\root\controllers\PerusahaanController.php (106)
in C:\xampp\htdocs\kimbu\index.php (13)
2013/06/15 08:06:20 [error] [exception.CDbException] exception 'CDbException' with message 'No columns are being updated for table "user".' in C:\xampp\htdocs\yii\framework\db\schema\CDbCommandBuilder.php:290
Stack trace:
#0 C:\xampp\htdocs\yii\framework\db\ar\CActiveRecord.php(1690): CDbCommandBuilder->createUpdateCommand(Object(CMysqlTableSchema), Array, Object(CDbCriteria))
#1 C:\xampp\htdocs\kimbu\protected\modules\root\controllers\PerusahaanController.php(111): CActiveRecord->updateByPk('2', Array)
#2 [internal function]: PerusahaanController->actionUpdate('2')
#3 C:\xampp\htdocs\yii\framework\web\actions\CAction.php(108): ReflectionMethod->invokeArgs(Object(PerusahaanController), Array)
#4 C:\xampp\htdocs\yii\framework\web\actions\CInlineAction.php(47): CAction->runWithParamsInternal(Object(PerusahaanController), Object(ReflectionMethod), Array)
#5 C:\xampp\htdocs\yii\framework\web\CController.php(308): CInlineAction->runWithParams(Array)
#6 C:\xampp\htdocs\yii\framework\web\filters\CFilterChain.php(133): CController->runAction(Object(CInlineAction))
#7 C:\xampp\htdocs\yii\framework\web\filters\CFilter.php(40): CFilterChain->run()
#8 C:\xampp\htdocs\yii\framework\web\CController.php(1145): CFilter->filter(Object(CFilterChain))
#9 C:\xampp\htdocs\yii\framework\web\filters\CInlineFilter.php(58): CController->filterAccessControl(Object(CFilterChain))
#10 C:\xampp\htdocs\yii\framework\web\filters\CFilterChain.php(130): CInlineFilter->filter(Object(CFilterChain))
#11 C:\xampp\htdocs\yii\framework\web\CController.php(291): CFilterChain->run()
#12 C:\xampp\htdocs\yii\framework\web\CController.php(265): CController->runActionWithFilters(Object(CInlineAction), Array)
#13 C:\xampp\htdocs\yii\framework\web\CWebApplication.php(282): CController->run('update')
#14 C:\xampp\htdocs\yii\framework\web\CWebApplication.php(141): CWebApplication->runController('root/perusahaan...')
#15 C:\xampp\htdocs\yii\framework\base\CApplication.php(169): CWebApplication->processRequest()
#16 C:\xampp\htdocs\kimbu\index.php(13): CApplication->run()
#17 {main}
REQUEST_URI=/kimbu/root/perusahaan/update/2
HTTP_REFERER=http://localhost/kimbu/root/perusahaan/update/2
---
2013/06/15 08:06:50 [warning] [application] Failed to set unsafe attribute "LOGO" of "Perusahaan".
in C:\xampp\htdocs\kimbu\protected\modules\root\controllers\PerusahaanController.php (106)
in C:\xampp\htdocs\kimbu\index.php (13)
